<?xml version="1.0" encoding="UTF-8" ?>
<testsuite tests="1" failures="1" name="cucumberOptions.TestRunner" time="1.954" errors="0" skipped="0">
  <properties>
[...]
</properties>
  <testcase classname="Delete Place API validation" name="Validating Delete Place" time="1.954">
    <failure message="expected:&lt;O[]K&gt; but was:&lt;O[o]K&gt;" type="org.junit.ComparisonFailure">org.junit.ComparisonFailure: expected:&lt;O[]K&gt; but was:&lt;O[o]K&gt;
	at org.junit.Assert.assertEquals(Assert.java:117)
	at org.junit.Assert.assertEquals(Assert.java:146)
	at stepDefinations.AddPlaceStepDefination.something_in_the_response_should_be_something(AddPlaceStepDefination.java:92)
	at stepDefinations.AddPlaceStepDefination.user_has_an_add_place_payload(AddPlaceStepDefination.java:103)
	at ✽.User has an Add Place Payload(file:///F:/FinalAPIREstAssuredProject/FinalEOEAPI/src/test/java/features/ZeletePlacevalidation.feature:6)
</failure>
    <system-out>
@Test
Scenario: Validating Delete Place                                                                  # src/test/java/features/ZeletePlacevalidation.feature:4
/maps/api/place/add/json
Request method:	POST
Request URI:	https://rahulshettyacademy.com/maps/api/place/add/json?key=qaclick123
Proxy:			&lt;none&gt;
Request params:	&lt;none&gt;
Query params:	key=qaclick123
Form params:	&lt;none&gt;
Path params:	&lt;none&gt;
Headers:		Accept=*/*
				Content-Type=application/json
Cookies:		&lt;none&gt;
Multiparts:		&lt;none&gt;
Body:
{
    &quot;location&quot;: {
        &quot;lat&quot;: &quot;-40.3456&quot;,
        &quot;lng&quot;: &quot;-60.3456&quot;,
        &quot;latitude&quot;: null,
        &quot;longitude&quot;: null
    },
    &quot;accuracy&quot;: &quot;50&quot;,
    &quot;name&quot;: &quot;sairtyu&quot;,
    &quot;phone_number&quot;: &quot;12345676543&quot;,
    &quot;address&quot;: &quot;bangalore&quot;,
    &quot;types&quot;: [
        &quot;shoe park hotel&quot;,
        &quot;shop address&quot;
    ],
    &quot;website&quot;: &quot;http://xtz.com&quot;,
    &quot;language&quot;: &quot;English&quot;
}
HTTP/1.1 200 OK
Date: Sat, 23 Jul 2022 07:14:17 GMT
Server: Apache/2.4.41 (Ubuntu)
Access-Control-Allow-Origin: *
Access-Control-Allow-Methods: POST
Access-Control-Max-Age: 3600
Access-Control-Allow-Headers: Content-Type, Access-Control-Allow-Headers, Authorization, X-Requested-With
Content-Length: 194
Keep-Alive: timeout=5, max=100
Connection: Keep-Alive
Content-Type: application/json;charset=UTF-8

{
    &quot;status&quot;: &quot;OK&quot;,
    &quot;place_id&quot;: &quot;5a13c202581ee1c42951c9da358453ae&quot;,
    &quot;scope&quot;: &quot;APP&quot;,
    &quot;reference&quot;: &quot;246744b764237b8db5b9c174147061a0246744b764237b8db5b9c174147061a0&quot;,
    &quot;id&quot;: &quot;246744b764237b8db5b9c174147061a0&quot;
}
5a13c202581ee1c42951c9da358453ae
APP
  Given User has an Add Place Payload                                                              # stepDefinations.AddPlaceStepDefination.user_has_an_add_place_payload()
      org.junit.ComparisonFailure: expected:&lt;O[]K&gt; but was:&lt;O[o]K&gt;
	at org.junit.Assert.assertEquals(Assert.java:117)
	at org.junit.Assert.assertEquals(Assert.java:146)
	at stepDefinations.AddPlaceStepDefination.something_in_the_response_should_be_something(AddPlaceStepDefination.java:92)
	at stepDefinations.AddPlaceStepDefination.user_has_an_add_place_payload(AddPlaceStepDefination.java:103)
	at âœ½.User has an Add Place Payload(file:///F:/FinalAPIREstAssuredProject/FinalEOEAPI/src/test/java/features/ZeletePlacevalidation.feature:6)

  When user calls &quot;DeletePlace&quot; API using &quot;DELETE&quot; http Request using &lt;name&gt; &lt;address&gt; and &lt;phone&gt; # stepDefinations.AddPlaceStepDefination.user_calls_something_api_using_something_http_request_using_and(java.lang.String,java.lang.String,java.lang.String,java.lang.String,java.lang.String)
  Then validate the place id has been deleted                                                      # stepDefinations.DeletePlaceStepDefination.validate_the_place_id_has_been_deleted()
</system-out>
  </testcase>
</testsuite>